e:\hoctap\gameloft-leap\stopthewar\stopthewar\debug\vc141.pdb
e:\hoctap\gameloft-leap\stopthewar\stopthewar\debug\vc141.idb
e:\hoctap\gameloft-leap\stopthewar\stopthewar\debug\rendergameobject.obj
e:\hoctap\gameloft-leap\stopthewar\stopthewar\debug\bar.obj
e:\hoctap\gameloft-leap\stopthewar\stopthewar\debug\stopthewar.pch
e:\hoctap\gameloft-leap\stopthewar\stopthewar\debug\pch.obj
e:\hoctap\gameloft-leap\stopthewar\stopthewar\debug\stopthewar.obj
e:\hoctap\gameloft-leap\stopthewar\stopthewar\debug\stopthewar.exe
e:\hoctap\gameloft-leap\stopthewar\stopthewar\debug\stopthewar.ilk
e:\hoctap\gameloft-leap\stopthewar\stopthewar\debug\stopthewar.pdb
c:\users\sai.prg-training\downloads\tung\stopthewar\debug\bar.obj
c:\users\sai.prg-training\downloads\tung\stopthewar\debug\pch.obj
c:\users\sai.prg-training\downloads\tung\stopthewar\debug\rendergameobject.obj
c:\users\sai.prg-training\downloads\tung\stopthewar\debug\stopthewar.obj
c:\users\sai.prg-training\downloads\tung\stopthewar\debug\stopthewar.ilk
c:\users\sai.prg-training\downloads\tung\stopthewar\debug\stopthewar.pch
c:\users\sai.prg-training\downloads\tung\stopthewar\debug\vc141.idb
c:\users\sai.prg-training\downloads\tung\stopthewar\debug\stopthewar.pdb
c:\users\sai.prg-training\downloads\tung\stopthewar\debug\vc141.pdb
c:\users\sai.prg-training\downloads\tung\stopthewar\debug\stopthewar.exe
c:\users\sai.prg-training\downloads\tung\stopthewar\debug\stopthewar.tlog\cl.command.1.tlog
c:\users\sai.prg-training\downloads\tung\stopthewar\debug\stopthewar.tlog\cl.read.1.tlog
c:\users\sai.prg-training\downloads\tung\stopthewar\debug\stopthewar.tlog\cl.write.1.tlog
c:\users\sai.prg-training\downloads\tung\stopthewar\debug\stopthewar.tlog\link.command.1.tlog
c:\users\sai.prg-training\downloads\tung\stopthewar\debug\stopthewar.tlog\link.read.1.tlog
c:\users\sai.prg-training\downloads\tung\stopthewar\debug\stopthewar.tlog\link.write.1.tlog
